Beat    Tag    Timestamp    Global_Rate    Window_Rate    Instant_Rate    Global_Accuracy    Window_Accuracy    Instant_Accuracy    Global_Power    Window_Power    Instant_Power
0    0    1527326949297512609    0.000000    0.000000    0.000000    1.000000    1.000000    1.000000    0.000000    0.000000    0.000000
1    1    1527326953058903759    0.531718    0.265859    0.265859    1.000000    1.000000    1.000000    0.793298    0.793298    0.793298
2    2    1527326956838578947    0.397822    0.265214    0.264573    1.000000    1.000000    1.000000    0.820799    0.820799    0.848168
3    3    1527326960616173890    0.353399    0.265049    0.264719    1.000000    1.000000    1.000000    0.812252    0.812252    0.795190
4    4    1527326964388316847    0.331328    0.265062    0.265101    1.000000    1.000000    1.000000    0.808221    0.808221    0.796125
5    5    1527326968167924827    0.317958    0.264965    0.264578    1.000000    1.000000    1.000000    0.816684    0.816684    0.850472
6    6    1527326971917487924    0.309461    0.265252    0.266698    1.000000    1.000000    1.000000    0.813984    0.813984    0.800395
7    7    1527326975660145997    0.303460    0.265527    0.267190    1.000000    1.000000    1.000000    0.812561    0.812561    0.803962
8    8    1527326979424586141    0.298735    0.265542    0.265644    1.000000    1.000000    1.000000    0.811009    0.811009    0.800140
9    9    1527326983190447947    0.295047    0.265542    0.265543    1.000000    1.000000    1.000000    0.809686    0.809686    0.799105
10    10    1527326986933713018    0.292272    0.265702    0.267146    1.000000    1.000000    1.000000    0.814968    0.814968    0.862787
11    11    1527326990706984347    0.289789    0.265640    0.265022    1.000000    1.000000    1.000000    0.813394    0.813394    0.797698
12    12    1527326994510144184    0.287530    0.265413    0.262939    1.000000    1.000000    1.000000    0.811636    0.811636    0.792489
13    13    1527326998285262925    0.285786    0.265372    0.264892    1.000000    1.000000    1.000000    0.814905    0.814905    0.854057
14    14    1527327002046101994    0.284368    0.265410    0.265898    1.000000    1.000000    1.000000    0.813911    0.813911    0.800965
15    15    1527327005812430841    0.283111    0.265417    0.265511    1.000000    1.000000    1.000000    0.812956    0.812956    0.799590
16    16    1527327009574990113    0.282029    0.265439    0.265777    1.000000    1.000000    1.000000    0.812171    0.812171    0.800367
17    17    1527327013372300882    0.280922    0.265315    0.263344    1.000000    1.000000    1.000000    0.814427    0.814427    0.850245
18    18    1527327017154107772    0.280002    0.265265    0.264424    1.000000    1.000000    1.000000    0.813489    0.813489    0.797602
19    19    1527327020963267844    0.279073    0.265120    0.262525    1.000000    1.000000    1.000000    0.812356    0.812356    0.792172
20    20    1527327024765246267    0.278265    0.265014    0.263021    1.000000    1.000000    1.000000    0.814223    0.814223    0.849415
21    21    1527327028570013975    0.277524    0.264909    0.262828    1.000000    1.000000    1.000000    0.813149    0.813149    0.791845
22    22    1527327032342333973    0.276959    0.264917    0.265089    1.000000    1.000000    1.000000    0.812621    0.812621    0.801517
23    23    1527327036132062052    0.276388    0.264872    0.263871    1.000000    1.000000    1.000000    0.814299    0.814299    0.851065
24    24    1527327039920725592    0.275868    0.264833    0.263945    1.000000    1.000000    1.000000    0.813455    0.813455    0.794111
25    25    1527327043708643426    0.275391    0.264799    0.263997    1.000000    1.000000    1.000000    0.812714    0.812714    0.794994
26    26    1527327047484383457    0.274986    0.264801    0.264849    1.000000    1.000000    1.000000    0.814344    0.814344    0.855104
27    27    1527327051260131071    0.274610    0.264803    0.264848    1.000000    1.000000    1.000000    0.813819    0.813819    0.800169
28    28    1527327055010605083    0.274327    0.264868    0.266633    1.000000    1.000000    1.000000    0.813493    0.813493    0.804618
29    29    1527327058790944811    0.273989    0.264856    0.264526    1.000000    1.000000    1.000000    0.814901    0.814901    0.854271
30    30    1527327062562859060    0.273694    0.264865    0.265117    1.000000    1.000000    1.000000    0.814430    0.814430    0.800765
31    31    1527327066319768556    0.273452    0.264907    0.266176    1.000000    1.000000    1.000000    0.814051    0.814051    0.802636
32    32    1527327070107763222    0.273156    0.264878    0.263992    1.000000    1.000000    1.000000    0.813491    0.813491    0.796180
33    33    1527327073883357587    0.272904    0.264878    0.264859    1.000000    1.000000    1.000000    0.814772    0.814772    0.855755
34    34    1527327077636456717    0.272715    0.264923    0.266446    1.000000    1.000000    1.000000    0.814427    0.814427    0.802973
35    35    1527327081407363177    0.272500    0.264931    0.265188    1.000000    1.000000    1.000000    0.814011    0.814011    0.799870
36    36    1527327085160453349    0.272333    0.264973    0.266447    1.000000    1.000000    1.000000    0.813727    0.813727    0.803709
37    37    1527327088944684900    0.272114    0.264953    0.264254    1.000000    1.000000    1.000000    0.814817    0.814817    0.853967
38    38    1527327092729994074    0.271905    0.264933    0.264179    1.000000    1.000000    1.000000    0.814327    0.814327    0.796244
39    39    1527327096517814075    0.271702    0.264909    0.264004    1.000000    1.000000    1.000000    0.813847    0.813847    0.795680
40    40    1527327100297351596    0.271523    0.264901    0.264583    1.000000    1.000000    1.000000    0.814886    0.814886    0.855359
41    41    1527327104077682116    0.271353    0.264892    0.264527    1.000000    1.000000    1.000000    0.814460    0.814460    0.797438
42    42    1527327107846983996    0.271209    0.264902    0.265301    1.000000    1.000000    1.000000    0.814125    0.814125    0.800351
43    43    1527327111614128383    0.271075    0.264914    0.265453    1.000000    1.000000    1.000000    0.815102    0.815102    0.856244
44    44    1527327115359881906    0.270983    0.264961    0.266969    1.000000    1.000000    1.000000    0.814831    0.814831    0.803063
45    45    1527327119143692375    0.270833    0.264946    0.264284    1.000000    1.000000    1.000000    0.814394    0.814394    0.795234
46    46    1527327122909553515    0.270719    0.264959    0.265544    1.000000    1.000000    1.000000    0.814065    0.814065    0.799249
47    47    1527327126681001682    0.270600    0.264963    0.265150    1.000000    1.000000    1.000000    0.814923    0.814923    0.854394
48    48    1527327130460530495    0.270475    0.264955    0.264583    1.000000    1.000000    1.000000    0.814586    0.814586    0.798789
49    49    1527327134234643447    0.270362    0.264955    0.264963    1.000000    1.000000    1.000000    0.814299    0.814299    0.800491
50    50    1527327137995752807    0.270273    0.264973    0.265879    1.000000    1.000000    1.000000    0.814048    0.814048    0.801722
51    51    1527327141783303475    0.270150    0.264937    0.264023    1.000000    1.000000    1.000000    0.814785    0.815213    0.851488
52    52    1527327145535770190    0.270080    0.264975    0.266491    1.000000    1.000000    1.000000    0.814574    0.814325    0.803756
53    53    1527327149317210832    0.269973    0.264969    0.264449    1.000000    1.000000    1.000000    0.814243    0.814362    0.797072
54    54    1527327153091827199    0.269880    0.264966    0.264928    1.000000    1.000000    1.000000    0.815002    0.815545    0.855247
55    55    1527327156847968238    0.269814    0.264999    0.266231    1.000000    1.000000    1.000000    0.814773    0.814582    0.802354
56    56    1527327160641307933    0.269703    0.264937    0.263620    1.000000    1.000000    1.000000    0.814416    0.814467    0.794833
57    57    1527327164418891293    0.269615    0.264888    0.264720    1.000000    1.000000    1.000000    0.814108    0.814324    0.796901
58    58    1527327168195570321    0.269532    0.264871    0.264783    1.000000    1.000000    1.000000    0.814804    0.815410    0.854448
59    59    1527327171981560035    0.269440    0.264843    0.264132    1.000000    1.000000    1.000000    0.814507    0.815373    0.797344
60    60    1527327175754789197    0.269366    0.264801    0.265025    1.000000    1.000000    1.000000    0.814264    0.814124    0.799920
61    61    1527327179523926579    0.269300    0.264807    0.265313    1.000000    1.000000    1.000000    0.814984    0.815333    0.858250
62    62    1527327183280522075    0.269250    0.264872    0.266198    1.000000    1.000000    1.000000    0.814778    0.815530    0.802111
63    63    1527327187067106954    0.269168    0.264856    0.264090    1.000000    1.000000    1.000000    0.814492    0.814385    0.796847
64    64    1527327190860107483    0.269081    0.264811    0.263644    1.000000    1.000000    1.000000    0.815072    0.815397    0.851458
65    65    1527327194616482646    0.269037    0.264825    0.266214    1.000000    1.000000    1.000000    0.814863    0.815434    0.801407
66    66    1527327198364965288    0.269003    0.264845    0.266775    1.000000    1.000000    1.000000    0.814686    0.815490    0.803118
67    67    1527327202131833633    0.268951    0.264887    0.265473    1.000000    1.000000    1.000000    0.814453    0.814461    0.798989
68    68    1527327205889568710    0.268909    0.264921    0.266118    1.000000    1.000000    1.000000    0.814277    0.814560    0.802446
69    69    1527327209652097441    0.268864    0.264987    0.265779    1.000000    1.000000    1.000000    0.814893    0.815856    0.856920
70    70    1527327213403909283    0.268831    0.265057    0.266538    1.000000    1.000000    1.000000    0.814740    0.814946    0.804094
71    71    1527327217156155665    0.268798    0.265131    0.266507    1.000000    1.000000    1.000000    0.814587    0.815192    0.803874
72    72    1527327220945099663    0.268731    0.265107    0.263926    1.000000    1.000000    1.000000    0.814318    0.815065    0.795257
73    73    1527327224717197620    0.268681    0.265132    0.265104    1.000000    1.000000    1.000000    0.814874    0.815138    0.854902
74    74    1527327228480139350    0.268641    0.265168    0.265750    1.000000    1.000000    1.000000    0.814677    0.815264    0.800264
75    75    1527327232251737767    0.268595    0.265191    0.265140    1.000000    1.000000    1.000000    0.814458    0.815331    0.798244
76    76    1527327236014803372    0.268557    0.265209    0.265741    1.000000    1.000000    1.000000    0.814301    0.814278    0.802511
77    77    1527327239798009425    0.268502    0.265199    0.264326    1.000000    1.000000    1.000000    0.814856    0.815416    0.856909
78    78    1527327243574654288    0.268454    0.265162    0.264785    1.000000    1.000000    1.000000    0.814769    0.815484    0.808074
79    79    1527327247333345445    0.268424    0.265192    0.266050    1.000000    1.000000    1.000000    0.814617    0.814452    0.802717
80    80    1527327251122683025    0.268367    0.265168    0.263898    1.000000    1.000000    1.000000    0.815094    0.815493    0.852644
81    81    1527327254906747660    0.268316    0.265130    0.264266    1.000000    1.000000    1.000000    0.814871    0.815379    0.797062
82    82    1527327258669064600    0.268286    0.265166    0.265794    1.000000    1.000000    1.000000    0.814718    0.815504    0.802288
83    83    1527327262433898159    0.268254    0.265181    0.265616    1.000000    1.000000    1.000000    0.814550    0.814404    0.800797
84    84    1527327266194601645    0.268226    0.265170    0.265908    1.000000    1.000000    1.000000    0.815052    0.815478    0.856832
85    85    1527327269965086356    0.268191    0.265171    0.265218    1.000000    1.000000    1.000000    0.814876    0.815481    0.800028
86    86    1527327273752146942    0.268142    0.265123    0.264057    1.000000    1.000000    1.000000    0.814657    0.815327    0.796162
87    87    1527327277515482338    0.268115    0.265152    0.265722    1.000000    1.000000    1.000000    0.815142    0.815383    0.856954
88    88    1527327281300721762    0.268070    0.265153    0.264184    1.000000    1.000000    1.000000    0.814917    0.815366    0.795396
89    89    1527327285080389575    0.268030    0.265164    0.264574    1.000000    1.000000    1.000000    0.814731    0.815421    0.798388
90    90    1527327288861680342    0.267991    0.265162    0.264460    1.000000    1.000000    1.000000    0.815185    0.815425    0.855547
91    91    1527327292652671543    0.267944    0.265147    0.263783    1.000000    1.000000    1.000000    0.815052    0.815537    0.803076
92    92    1527327296412711905    0.267923    0.265160    0.265955    1.000000    1.000000    1.000000    0.814928    0.815604    0.803637
93    93    1527327300198997076    0.267881    0.265133    0.264111    1.000000    1.000000    1.000000    0.814730    0.814410    0.796577
94    94    1527327303977362351    0.267847    0.265087    0.264665    1.000000    1.000000    1.000000    0.815207    0.815539    0.859527
95    95    1527327307762027109    0.267809    0.265086    0.264224    1.000000    1.000000    1.000000    0.815021    0.815586    0.797605
96    96    1527327311525646963    0.267787    0.265089    0.265702    1.000000    1.000000    1.000000    0.814892    0.815653    0.802585
97    97    1527327315283234581    0.267770    0.265108    0.266128    1.000000    1.000000    1.000000    0.815353    0.815757    0.859737
98    98    1527327319034024426    0.267758    0.265149    0.266611    1.000000    1.000000    1.000000    0.815233    0.815853    0.803521
99    99    1527327322781603778    0.267749    0.265186    0.266839    1.000000    1.000000    1.000000    0.815130    0.815946    0.805014
100    100    1527327326556411603    0.267721    0.265167    0.264914    1.000000    1.000000    1.000000    0.814969    0.815892    0.799084
101    101    1527327330303249791    0.267713    0.265224    0.266892    1.000000    1.000000    1.000000    0.814888    0.814994    0.806711
102    102    1527327334046355571    0.267707    0.265237    0.267158    1.000000    1.000000    1.000000    0.815361    0.816181    0.863522
103    103    1527327337826474050    0.267676    0.265239    0.264542    1.000000    1.000000    1.000000    0.815193    0.816201    0.798068
104    104    1527327341582300048    0.267663    0.265265    0.266253    1.000000    1.000000    1.000000    0.815071    0.815145    0.802409
105    105    1527327345332530810    0.267653    0.265274    0.266650    1.000000    1.000000    1.000000    0.814963    0.815171    0.803649
106    106    1527327349090510761    0.267639    0.265323    0.266100    1.000000    1.000000    1.000000    0.814845    0.815326    0.802399
107    107    1527327352870841406    0.267609    0.265320    0.264527    1.000000    1.000000    1.000000    0.815229    0.816509    0.855891
108    108    1527327356629649105    0.267595    0.265345    0.266042    1.000000    1.000000    1.000000    0.815107    0.815459    0.801986
109    109    1527327360389648092    0.267580    0.265381    0.265958    1.000000    1.000000    1.000000    0.814989    0.815558    0.802226
110    110    1527327364153892361    0.267562    0.265394    0.265658    1.000000    1.000000    1.000000    0.815382    0.816726    0.858299
111    111    1527327367922298244    0.267543    0.265395    0.265364    1.000000    1.000000    1.000000    0.815234    0.815539    0.798935
112    112    1527327371676461246    0.267532    0.265399    0.266371    1.000000    1.000000    1.000000    0.815138    0.815586    0.804449
113    113    1527327375448652953    0.267511    0.265419    0.265098    1.000000    1.000000    1.000000    0.814995    0.815631    0.799032
114    114    1527327379230540052    0.267484    0.265434    0.264418    1.000000    1.000000    1.000000    0.815351    0.815707    0.855375
115    115    1527327383009022910    0.267459    0.265403    0.264656    1.000000    1.000000    1.000000    0.815195    0.815627    0.797485
116    116    1527327386777678459    0.267441    0.265375    0.265347    1.000000    1.000000    1.000000    0.815061    0.815555    0.799593
117    117    1527327390547247380    0.267422    0.265371    0.265282    1.000000    1.000000    1.000000    0.814922    0.815552    0.798828
118    118    1527327394314392600    0.267406    0.265358    0.265453    1.000000    1.000000    1.000000    0.815274    0.816633    0.856541
119    119    1527327398071621428    0.267395    0.265365    0.266154    1.000000    1.000000    1.000000    0.815174    0.815562    0.803300
120    120    1527327401833621660    0.267382    0.265351    0.265816    1.000000    1.000000    1.000000    0.815055    0.815497    0.800844
121    121    1527327405592320068    0.267371    0.265342    0.266050    1.000000    1.000000    1.000000    0.814941    0.815444    0.801226
122    122    1527327409358322041    0.267356    0.265374    0.265534    1.000000    1.000000    1.000000    0.815279    0.816665    0.856257
123    123    1527327413135959817    0.267334    0.265366    0.264716    1.000000    1.000000    1.000000    0.815128    0.815501    0.796770
124    124    1527327416895644430    0.267324    0.265371    0.265980    1.000000    1.000000    1.000000    0.815022    0.815534    0.801891
125    125    1527327420672389501    0.267303    0.265364    0.264778    1.000000    1.000000    1.000000    0.814889    0.815538    0.798478
126    126    1527327424437793891    0.267289    0.265360    0.265576    1.000000    1.000000    1.000000    0.815236    0.816658    0.858577
127    127    1527327428197045339    0.267279    0.265394    0.266010    1.000000    1.000000    1.000000    0.815134    0.815564    0.802313
128    128    1527327431946110104    0.267275    0.265433    0.266733    1.000000    1.000000    1.000000    0.815058    0.815509    0.805284
129    129    1527327435719487891    0.267258    0.265412    0.265015    1.000000    1.000000    1.000000    0.814936    0.815440    0.799306
130    130    1527327439490093227    0.267242    0.265439    0.265209    1.000000    1.000000    1.000000    0.815260    0.815527    0.857160
131    131    1527327443262588850    0.267225    0.265455    0.265077    1.000000    1.000000    1.000000    0.815141    0.815578    0.799576
132    132    1527327447045360947    0.267204    0.265426    0.264356    1.000000    1.000000    1.000000    0.815014    0.815500    0.798446
133    133    1527327450815205701    0.267189    0.265419    0.265263    1.000000    1.000000    1.000000    0.815329    0.816623    0.856954
134    134    1527327454569466703    0.267183    0.265428    0.266364    1.000000    1.000000    1.000000    0.815236    0.815546    0.802885
135    135    1527327458329446482    0.267174    0.265443    0.265959    1.000000    1.000000    1.000000    0.815136    0.815580    0.801645
136    136    1527327462074526841    0.267173    0.265502    0.267017    1.000000    1.000000    1.000000    0.815061    0.815757    0.804841
137    137    1527327465839152317    0.267161    0.265500    0.265631    1.000000    1.000000    1.000000    0.814960    0.814642    0.801204
138    138    1527327469599041847    0.267153    0.265536    0.265965    1.000000    1.000000    1.000000    0.815280    0.815920    0.859276
139    139    1527327473382234609    0.267132    0.265531    0.264327    1.000000    1.000000    1.000000    0.815157    0.815917    0.798245
140    140    1527327477151829031    0.267119    0.265548    0.265281    1.000000    1.000000    1.000000    0.815059    0.814832    0.801442
141    141    1527327480918538710    0.267108    0.265582    0.265484    1.000000    1.000000    1.000000    0.815374    0.815962    0.859486
142    142    1527327484677699783    0.267100    0.265583    0.266017    1.000000    1.000000    1.000000    0.815280    0.815928    0.801966
143    143    1527327488446064624    0.267088    0.265608    0.265367    1.000000    1.000000    1.000000    0.815179    0.816015    0.800805
144    144    1527327492196561969    0.267085    0.265648    0.266631    1.000000    1.000000    1.000000    0.815102    0.814904    0.804095
145    145    1527327495980613771    0.267065    0.265649    0.264267    1.000000    1.000000    1.000000    0.815371    0.816036    0.853889
146    146    1527327499741089966    0.267057    0.265653    0.265924    1.000000    1.000000    1.000000    0.815286    0.816043    0.802923
147    147    1527327503534284494    0.267034    0.265603    0.263630    1.000000    1.000000    1.000000    0.815242    0.815028    0.808995
148    148    1527327507327714772    0.267011    0.265543    0.263614    1.000000    1.000000    1.000000    0.815120    0.814898    0.797202
149    149    1527327511090135712    0.267002    0.265522    0.265786    1.000000    1.000000    1.000000    0.815420    0.815994    0.859879
150    150    1527327514880221665    0.266981    0.265500    0.263846    1.000000    1.000000    1.000000    0.815310    0.815992    0.799060
151    151    1527327518648513799    0.266971    0.265470    0.265372    1.000000    1.000000    1.000000    0.815229    0.815919    0.803127
152    152    1527327522409072452    0.266964    0.265445    0.265918    1.000000    1.000000    1.000000    0.815517    0.815834    0.859025
153    153    1527327526164294285    0.266959    0.265480    0.266296    1.000000    1.000000    1.000000    0.815443    0.815960    0.804257
154    154    1527327529922224944    0.266954    0.265477    0.266104    1.000000    1.000000    1.000000    0.815365    0.815979    0.803371
155    155    1527327533682563639    0.266947    0.265463    0.265933    1.000000    1.000000    1.000000    0.815284    0.815959    0.802692
156    156    1527327537428880495    0.266947    0.265480    0.266929    1.000000    1.000000    1.000000    0.815218    0.816009    0.804899
157    157    1527327541191511143    0.266940    0.265505    0.265772    1.000000    1.000000    1.000000    0.815494    0.816061    0.858651
158    158    1527327544951016923    0.266934    0.265504    0.265992    1.000000    1.000000    1.000000    0.815411    0.816070    0.802450
159    159    1527327548707962127    0.266929    0.265508    0.266174    1.000000    1.000000    1.000000    0.815334    0.816087    0.803064
160    160    1527327552478472921    0.266918    0.265499    0.265216    1.000000    1.000000    1.000000    0.815235    0.814911    0.799508
161    161    1527327556233287880    0.266915    0.265518    0.266325    1.000000    1.000000    1.000000    0.815505    0.816108    0.858882
162    162    1527327559986183219    0.266912    0.265520    0.266461    1.000000    1.000000    1.000000    0.815438    0.816109    0.804525
163    163    1527327563743548630    0.266907    0.265541    0.266144    1.000000    1.000000    1.000000    0.815356    0.816173    0.802162
164    164    1527327567497156259    0.266904    0.265581    0.266410    1.000000    1.000000    1.000000    0.815278    0.815112    0.802465
165    165    1527327571275316284    0.266891    0.265581    0.264679    1.000000    1.000000    1.000000    0.815519    0.816264    0.854874
166    166    1527327575043340293    0.266882    0.265582    0.265391    1.000000    1.000000    1.000000    0.815436    0.816309    0.801823
167    167    1527327578813369964    0.266872    0.265581    0.265250    1.000000    1.000000    1.000000    0.815347    0.816342    0.800487
168    168    1527327582574573573    0.266866    0.265590    0.265872    1.000000    1.000000    1.000000    0.815261    0.815231    0.800980
169    169    1527327586341755959    0.266857    0.265576    0.265450    1.000000    1.000000    1.000000    0.815513    0.816321    0.857826
170    170    1527327590113565125    0.266847    0.265562    0.265125    1.000000    1.000000    1.000000    0.815430    0.816330    0.801324
171    171    1527327593873549030    0.266842    0.265560    0.265959    1.000000    1.000000    1.000000    0.815359    0.816372    0.803331
172    172    1527327597638733463    0.266835    0.265561    0.265591    1.000000    1.000000    1.000000    0.815273    0.815257    0.800527
173    173    1527327601394759335    0.266831    0.265592    0.266239    1.000000    1.000000    1.000000    0.815530    0.816520    0.859966
174    174    1527327605158578480    0.266825    0.265586    0.265688    1.000000    1.000000    1.000000    0.815457    0.816537    0.802755
175    175    1527327608931381477    0.266815    0.265592    0.265055    1.000000    1.000000    1.000000    0.815370    0.816574    0.800282
176    176    1527327612711649955    0.266802    0.265571    0.264531    1.000000    1.000000    1.000000    0.815267    0.815346    0.797288
177    177    1527327616464842168    0.266800    0.265579    0.266440    1.000000    1.000000    1.000000    0.815524    0.816516    0.860984
178    178    1527327620227650107    0.266794    0.265560    0.265759    1.000000    1.000000    1.000000    0.815448    0.816447    0.801860
179    179    1527327623975813541    0.266794    0.265595    0.266797    1.000000    1.000000    1.000000    0.815388    0.816559    0.804800
180    180    1527327627745865587    0.266785    0.265596    0.265248    1.000000    1.000000    1.000000    0.815313    0.815449    0.801755
181    181    1527327631524186153    0.266774    0.265588    0.264668    1.000000    1.000000    1.000000    0.815537    0.816579    0.855885
182    182    1527327635282082604    0.266770    0.265623    0.266106    1.000000    1.000000    1.000000    0.815469    0.816672    0.802992
183    183    1527327639036208148    0.266768    0.265645    0.266374    1.000000    1.000000    1.000000    0.815408    0.815618    0.804297
184    184    1527327642782769712    0.266768    0.265656    0.266911    1.000000    1.000000    1.000000    0.815350    0.815654    0.804635
185    185    1527327646557282704    0.266759    0.265636    0.264935    1.000000    1.000000    1.000000    0.815565    0.816726    0.855151
186    186    1527327650321938888    0.266752    0.265608    0.265629    1.000000    1.000000    1.000000    0.815492    0.816665    0.801860
187    187    1527327654079688882    0.266749    0.265618    0.266117    1.000000    1.000000    1.000000    0.815415    0.816663    0.801082
188    188    1527327657847876140    0.266742    0.265606    0.265380    1.000000    1.000000    1.000000    0.815325    0.815447    0.798455
189    189    1527327661601375186    0.266740    0.265648    0.266418    1.000000    1.000000    1.000000    0.815267    0.815573    0.804423
190    190    1527327665354134400    0.266739    0.265672    0.266471    1.000000    1.000000    1.000000    0.815513    0.816785    0.862152
191    191    1527327669142811607    0.266724    0.265641    0.263944    1.000000    1.000000    1.000000    0.815421    0.815555    0.798133
192    192    1527327672912640861    0.266716    0.265626    0.265264    1.000000    1.000000    1.000000    0.815339    0.815506    0.799558
193    193    1527327676660840921    0.266717    0.265654    0.266795    1.000000    1.000000    1.000000    0.815281    0.815575    0.804170
194    194    1527327680419757828    0.266713    0.265642    0.266034    1.000000    1.000000    1.000000    0.815511    0.816690    0.859970
195    195    1527327684175680576    0.266711    0.265682    0.266246    1.000000    1.000000    1.000000    0.815447    0.815670    0.803053
196    196    1527327687922321222    0.266712    0.265701    0.266906    1.000000    1.000000    1.000000    0.815395    0.815716    0.805171
197    197    1527327691681823628    0.266708    0.265749    0.265993    1.000000    1.000000    1.000000    0.815329    0.815583    0.802305
198    198    1527327695455512664    0.266700    0.265777    0.264993    1.000000    1.000000    1.000000    0.815538    0.816778    0.856681
199    199    1527327699236615348    0.266688    0.265750    0.264473    1.000000    1.000000    1.000000    0.815457    0.815567    0.799422
200    200    1527327703043684883    0.266668    0.265726    0.262669    1.000000    1.000000    1.000000    0.815346    0.815455    0.793590
201    201    1527327706817364628    0.266660    0.265719    0.264993    1.000000    1.000000    1.000000    0.815563    0.816571    0.858762
202    202    1527327710579638902    0.266655    0.265716    0.265797    1.000000    1.000000    1.000000    0.815496    0.815434    0.802133
203    203    1527327714327187171    0.266656    0.265727    0.266841    1.000000    1.000000    1.000000    0.815441    0.815433    0.804200
204    204    1527327718109624685    0.266645    0.265693    0.264380    1.000000    1.000000    1.000000    0.815346    0.815286    0.796164
205    205    1527327721876666696    0.266639    0.265683    0.265460    1.000000    1.000000    1.000000    0.815549    0.816372    0.856948
206    206    1527327725643566833    0.266634    0.265654    0.265470    1.000000    1.000000    1.000000    0.815480    0.816300    0.801370
207    207    1527327729424782017    0.266623    0.265628    0.264465    1.000000    1.000000    1.000000    0.815406    0.815132    0.800305
208    208    1527327733186809833    0.266619    0.265624    0.265814    1.000000    1.000000    1.000000    0.815342    0.815122    0.801954
209    209    1527327736944753826    0.266617    0.265623    0.266103    1.000000    1.000000    1.000000    0.815616    0.816515    0.872838
210    210    1527327740730732956    0.266605    0.265601    0.264132    1.000000    1.000000    1.000000    0.815534    0.816490    0.798325
211    211    1527327744492032607    0.266601    0.265592    0.265866    1.000000    1.000000    1.000000    0.815472    0.815367    0.802611
212    212    1527327748248397937    0.266600    0.265587    0.266215    1.000000    1.000000    1.000000    0.815423    0.815375    0.804942
213    213    1527327752003923311    0.266598    0.265590    0.266274    1.000000    1.000000    1.000000    0.815636    0.816548    0.860925
214    214    1527327755760036350    0.266596    0.265586    0.266233    1.000000    1.000000    1.000000    0.815587    0.816600    0.805081
215    215    1527327759511514026    0.266596    0.265624    0.266562    1.000000    1.000000    1.000000    0.815526    0.815552    0.802564
216    216    1527327763251552689    0.266600    0.265663    0.267377    1.000000    1.000000    1.000000    0.815489    0.815665    0.807427
217    217    1527327767017892036    0.266595    0.265668    0.265510    1.000000    1.000000    1.000000    0.815688    0.816829    0.858651
218    218    1527327770795396438    0.266586    0.265645    0.264725    1.000000    1.000000    1.000000    0.815608    0.816775    0.798316
219    219    1527327774554251595    0.266584    0.265657    0.266038    1.000000    1.000000    1.000000    0.815546    0.815657    0.801937
220    220    1527327778315754079    0.266580    0.265672    0.265851    1.000000    1.000000    1.000000    0.815490    0.815698    0.803342
221    221    1527327782092134983    0.266572    0.265649    0.264804    1.000000    1.000000    1.000000    0.815672    0.816743    0.855510
222    222    1527327785850604558    0.266570    0.265658    0.266066    1.000000    1.000000    1.000000    0.815618    0.816806    0.803632
223    223    1527327789647575952    0.266556    0.265600    0.263368    1.000000    1.000000    1.000000    0.815547    0.815603    0.799875
224    224    1527327793402679035    0.266554    0.265613    0.266304    1.000000    1.000000    1.000000    0.815497    0.815639    0.804493
225    225    1527327797173261621    0.266548    0.265616    0.265211    1.000000    1.000000    1.000000    0.815679    0.816763    0.856378
226    226    1527327800952097353    0.266540    0.265618    0.264632    1.000000    1.000000    1.000000    0.815601    0.816776    0.797972
227    227    1527327804717336869    0.266536    0.265601    0.265587    1.000000    1.000000    1.000000    0.815539    0.815590    0.801526
228    228    1527327808471255330    0.266535    0.265613    0.266388    1.000000    1.000000    1.000000    0.815489    0.815634    0.804047
229    229    1527327812243246913    0.266529    0.265580    0.265112    1.000000    1.000000    1.000000    0.815668    0.816669    0.856500
230    230    1527327815997156124    0.266528    0.265602    0.266389    1.000000    1.000000    1.000000    0.815615    0.816706    0.803558
231    231    1527327819757018529    0.266526    0.265628    0.265967    1.000000    1.000000    1.000000    0.815559    0.815635    0.802484
232    232    1527327823522113462    0.266522    0.265618    0.265598    1.000000    1.000000    1.000000    0.815499    0.815610    0.801728
233    233    1527327827294703251    0.266516    0.265592    0.265070    1.000000    1.000000    1.000000    0.815679    0.816673    0.857396
234    234    1527327831041224648    0.266517    0.265592    0.266914    1.000000    1.000000    1.000000    0.815641    0.816714    0.806697
235    235    1527327834797048937    0.266516    0.265619    0.266253    1.000000    1.000000    1.000000    0.815589    0.815676    0.803310
236    236    1527327838557679923    0.266514    0.265624    0.265913    1.000000    1.000000    1.000000    0.815528    0.815665    0.801328
237    237    1527327842334293077    0.266506    0.265598    0.264788    1.000000    1.000000    1.000000    0.815778    0.817136    0.874495
238    238    1527327846110776773    0.266499    0.265586    0.264797    1.000000    1.000000    1.000000    0.815720    0.817207    0.801992
239    239    1527327849885881598    0.266492    0.265556    0.264893    1.000000    1.000000    1.000000    0.815651    0.817104    0.799363
240    240    1527327853627926047    0.266496    0.265571    0.267234    1.000000    1.000000    1.000000    0.815611    0.815986    0.806029
241    241    1527327857398821257    0.266490    0.265596    0.265189    1.000000    1.000000    1.000000    0.815781    0.817156    0.856491
242    242    1527327861148390646    0.266491    0.265624    0.266697    1.000000    1.000000    1.000000    0.815731    0.817241    0.803717
243    243    1527327864910832545    0.266488    0.265604    0.265785    1.000000    1.000000    1.000000    0.815674    0.817193    0.801808
244    244    1527327868673447651    0.266485    0.265599    0.265773    1.000000    1.000000    1.000000    0.815620    0.816046    0.802560
245    245    1527327872430927436    0.266484    0.265597    0.266136    1.000000    1.000000    1.000000    0.815802    0.817188    0.860251
246    246    1527327876212478494    0.266475    0.265548    0.264442    1.000000    1.000000    1.000000    0.815736    0.817074    0.799605
247    247    1527327879995190550    0.266467    0.265515    0.264361    1.000000    1.000000    1.000000    0.815672    0.817023    0.799877
248    248    1527327883730240600    0.266472    0.265569    0.267734    1.000000    1.000000    1.000000    0.815639    0.816037    0.807390
249    249    1527327887501794267    0.266466    0.265583    0.265143    1.000000    1.000000    1.000000    0.815801    0.817171    0.855963
250    250    1527327891257427724    0.266466    0.265655    0.266267    1.000000    1.000000    1.000000    0.815755    0.817394    0.804477
251    251    1527327895021297910    0.266463    0.265669    0.265684    1.000000    1.000000    1.000000    0.815700    0.816252    0.801727
252    252    1527327898783234185    0.266460    0.265670    0.265821    1.000000    1.000000    1.000000    0.815644    0.816241    0.801594
253    253    1527327902554618435    0.266455    0.265636    0.265155    1.000000    1.000000    1.000000    0.815806    0.817291    0.856703
254    254    1527327906311660889    0.266454    0.265672    0.266167    1.000000    1.000000    1.000000    0.815759    0.817446    0.803785
255    255    1527327910079252482    0.266450    0.265671    0.265422    1.000000    1.000000    1.000000    0.815702    0.816330    0.801199
256    256    1527327913846474576    0.266446    0.265671    0.265448    1.000000    1.000000    1.000000    0.815652    0.816362    0.802972
257    257    1527327917597630670    0.266446    0.265713    0.266584    1.000000    1.000000    1.000000    0.815829    0.817583    0.861385
258    258    1527327921387491748    0.266436    0.265674    0.263862    1.000000    1.000000    1.000000    0.815755    0.817477    0.796805
259    259    1527327925147905568    0.266434    0.265670    0.265928    1.000000    1.000000    1.000000    0.815705    0.816076    0.802726
260    260    1527327928914919413    0.266431    0.265697    0.265462    1.000000    1.000000    1.000000    0.815646    0.816122    0.800495
261    261    1527327932670853578    0.266430    0.265705    0.266245    1.000000    1.000000    1.000000    0.815817    0.817273    0.860278
262    262    1527327936438959045    0.266426    0.265688    0.265385    1.000000    1.000000    1.000000    0.815759    0.817187    0.800668
263    263    1527327940197329537    0.266425    0.265684    0.266073    1.000000    1.000000    1.000000    0.815702    0.815983    0.800641
264    264    1527327943954747989    0.266423    0.265682    0.266140    1.000000    1.000000    1.000000    0.815639    0.815863    0.799064
265    265    1527327947716350848    0.266421    0.265668    0.265844    1.000000    1.000000    1.000000    0.815789    0.816921    0.855550
266    266    1527327951470561433    0.266421    0.265648    0.266368    1.000000    1.000000    1.000000    0.815737    0.816808    0.801778
267    267    1527327955241565601    0.266416    0.265641    0.265181    1.000000    1.000000    1.000000    0.815669    0.815586    0.797588
268    268    1527327958993881650    0.266417    0.265677    0.266502    1.000000    1.000000    1.000000    0.815614    0.815638    0.800796
269    269    1527327962745728617    0.266417    0.265687    0.266535    1.000000    1.000000    1.000000    0.815559    0.815619    0.801001
270    270    1527327966519035237    0.266412    0.265670    0.265020    1.000000    1.000000    1.000000    0.815697    0.816605    0.852527
271    271    1527327970280219555    0.266410    0.265692    0.265874    1.000000    1.000000    1.000000    0.815631    0.815450    0.797898
272    272    1527327974046693902    0.266407    0.265680    0.265500    1.000000    1.000000    1.000000    0.815567    0.815342    0.798270
273    273    1527327977848591408    0.266394    0.265673    0.263027    1.000000    1.000000    1.000000    0.815683    0.816293    0.846962
274    274    1527327981628578970    0.266387    0.265638    0.264551    1.000000    1.000000    1.000000    0.815609    0.816109    0.795388
275    275    1527327985391264576    0.266385    0.265649    0.265768    1.000000    1.000000    1.000000    0.815553    0.814982    0.800121
276    276    1527327989162993992    0.266381    0.265659    0.265130    1.000000    1.000000    1.000000    0.815483    0.814948    0.796249
277    277    1527327992934661742    0.266376    0.265650    0.265135    1.000000    1.000000    1.000000    0.815616    0.815966    0.852318
278    278    1527327996702398044    0.266373    0.265631    0.265411    1.000000    1.000000    1.000000    0.815546    0.815806    0.796121
279    279    1527328000459049581    0.266372    0.265653    0.266195    1.000000    1.000000    1.000000    0.815493    0.814694    0.800925
280    280    1527328004213903332    0.266372    0.265651    0.266322    1.000000    1.000000    1.000000    0.815439    0.814625    0.800112
281    281    1527328007977718352    0.266369    0.265646    0.265688    1.000000    1.000000    1.000000    0.815574    0.815647    0.853626
282    282    1527328011757208498    0.266363    0.265625    0.264586    1.000000    1.000000    1.000000    0.815497    0.815487    0.793775
283    283    1527328015520545228    0.266361    0.265638    0.265722    1.000000    1.000000    1.000000    0.815436    0.814301    0.798214
284    284    1527328019326215475    0.266348    0.265555    0.262766    1.000000    1.000000    1.000000    0.815550    0.815122    0.847433
285    285    1527328023094126484    0.266345    0.265538    0.265399    1.000000    1.000000    1.000000    0.815526    0.815233    0.808868
286    286    1527328026852593725    0.266344    0.265541    0.266066    1.000000    1.000000    1.000000    0.815471    0.815201    0.799739
287    287    1527328030619604820    0.266341    0.265554    0.265462    1.000000    1.000000    1.000000    0.815409    0.813659    0.797566
288    288    1527328034384804878    0.266338    0.265570    0.265590    1.000000    1.000000    1.000000    0.815546    0.814716    0.854819
289    289    1527328038162487696    0.266332    0.265567    0.264713    1.000000    1.000000    1.000000    0.815473    0.814623    0.794734
290    290    1527328041936168857    0.266328    0.265522    0.264993    1.000000    1.000000    1.000000    0.815407    0.814423    0.796132
291    291    1527328045689973736    0.266328    0.265546    0.266396    1.000000    1.000000    1.000000    0.815351    0.813279    0.799303
292    292    1527328049458425327    0.266325    0.265520    0.265361    1.000000    1.000000    1.000000    0.815483    0.814283    0.853919
293    293    1527328053229270120    0.266321    0.265508    0.265193    1.000000    1.000000    1.000000    0.815429    0.814235    0.799453
294    294    1527328056986744823    0.266320    0.265515    0.266136    1.000000    1.000000    1.000000    0.815377    0.814189    0.800217
295    295    1527328060744924065    0.266319    0.265514    0.266086    1.000000    1.000000    1.000000    0.815324    0.812981    0.799701
296    296    1527328064496863948    0.266320    0.265556    0.266529    1.000000    1.000000    1.000000    0.815467    0.814144    0.857883
297    297    1527328068263726710    0.266317    0.265578    0.265473    1.000000    1.000000    1.000000    0.815407    0.814098    0.797521
298    298    1527328072051019629    0.266310    0.265504    0.264041    1.000000    1.000000    1.000000    0.815333    0.813820    0.793639
299    299    1527328075819500636    0.266306    0.265509    0.265359    1.000000    1.000000    1.000000    0.815271    0.812631    0.796612
300    300    1527328079601573193    0.266300    0.265471    0.264405    1.000000    1.000000    1.000000    0.815389    0.813558    0.850680
301    301    1527328083360944516    0.266299    0.265478    0.266002    1.000000    1.000000    1.000000    0.815336    0.813510    0.799306
302    302    1527328087116603181    0.266299    0.265487    0.266265    1.000000    1.000000    1.000000    0.815285    0.813479    0.800018
303    303    1527328090880569159    0.266297    0.265497    0.265677    1.000000    1.000000    1.000000    0.815420    0.813466    0.856118
304    304    1527328094667071246    0.266290    0.265456    0.264096    1.000000    1.000000    1.000000    0.815349    0.813268    0.794011
305    305    1527328098438219664    0.266286    0.265451    0.265171    1.000000    1.000000    1.000000    0.815288    0.813178    0.796737
306    306    1527328102196686988    0.266285    0.265463    0.266066    1.000000    1.000000    1.000000    0.815237    0.813111    0.799581
307    307    1527328105950460492    0.266286    0.265459    0.266399    1.000000    1.000000    1.000000    0.815368    0.812996    0.855599
308    308    1527328109728358934    0.266280    0.265476    0.264697    1.000000    1.000000    1.000000    0.815299    0.812942    0.794066
309    309    1527328113511629238    0.266274    0.265444    0.264322    1.000000    1.000000    1.000000    0.815230    0.812767    0.794061
310    310    1527328117298000326    0.266267    0.265417    0.264105    1.000000    1.000000    1.000000    0.815342    0.813760    0.849988
311    311    1527328121111507678    0.266254    0.265336    0.262226    1.000000    1.000000    1.000000    0.815304    0.812625    0.803477
312    312    1527328124887690874    0.266249    0.265324    0.264818    1.000000    1.000000    1.000000    0.815245    0.812551    0.796978
313    313    1527328128635797476    0.266251    0.265339    0.266801    1.000000    1.000000    1.000000    0.815202    0.812571    0.801626
314    314    1527328132397294251    0.266250    0.265333    0.265852    1.000000    1.000000    1.000000    0.815334    0.813722    0.856753
315    315    1527328136162719392    0.266248    0.265327    0.265574    1.000000    1.000000    1.000000    0.815279    0.812578    0.798269
316    316    1527328139907163252    0.266250    0.265341    0.267062    1.000000    1.000000    1.000000    0.815238    0.812588    0.802242
317    317    1527328143669191109    0.266249    0.265354    0.265814    1.000000    1.000000    1.000000    0.815188    0.812619    0.799076
318    318    1527328147430749343    0.266248    0.265341    0.265847    1.000000    1.000000    1.000000    0.815314    0.813710    0.855483
319    319    1527328151191080080    0.266247    0.265329    0.265934    1.000000    1.000000    1.000000    0.815262    0.813661    0.798600
320    320    1527328154944332376    0.266247    0.265357    0.266436    1.000000    1.000000    1.000000    0.815213    0.812605    0.799711
321    321    1527328158703634449    0.266246    0.265360    0.266007    1.000000    1.000000    1.000000    0.815163    0.812629    0.799085
322    322    1527328162464655434    0.266245    0.265367    0.265885    1.000000    1.000000    1.000000    0.815112    0.812638    0.798720
323    323    1527328166246800116    0.266240    0.265395    0.264400    1.000000    1.000000    1.000000    0.815222    0.812701    0.850277
324    324    1527328170008724265    0.266238    0.265421    0.265821    1.000000    1.000000    1.000000    0.815174    0.812789    0.799683
325    325    1527328173750999048    0.266241    0.265450    0.267217    1.000000    1.000000    1.000000    0.815136    0.812845    0.802891
326    326    1527328177508887457    0.266241    0.265469    0.266107    1.000000    1.000000    1.000000    0.815087    0.812906    0.799218
327    327    1527328181272986101    0.266239    0.265480    0.265668    1.000000    1.000000    1.000000    0.815209    0.812957    0.854953
328    328    1527328185040879569    0.266237    0.265479    0.265400    1.000000    1.000000    1.000000    0.815154    0.812979    0.797255
329    329    1527328188815430061    0.266233    0.265454    0.264932    1.000000    1.000000    1.000000    0.815096    0.812877    0.795885
330    330    1527328192590386928    0.266229    0.265426    0.264904    1.000000    1.000000    1.000000    0.815215    0.813966    0.854502
331    331    1527328196342046395    0.266229    0.265443    0.266549    1.000000    1.000000    1.000000    0.815171    0.812907    0.800587
332    332    1527328200101597217    0.266229    0.265471    0.265989    1.000000    1.000000    1.000000    0.815121    0.813000    0.798321
333    333    1527328203859634668    0.266228    0.265479    0.266096    1.000000    1.000000    1.000000    0.815073    0.813017    0.799054
334    334    1527328207633272996    0.266225    0.265524    0.264996    1.000000    1.000000    1.000000    0.815015    0.811976    0.795780
335    335    1527328211426918607    0.266217    0.265487    0.263599    1.000000    1.000000    1.000000    0.815120    0.812803    0.849949
336    336    1527328215190821210    0.266215    0.265480    0.265682    1.000000    1.000000    1.000000    0.815071    0.812779    0.798572
337    337    1527328218958793760    0.266213    0.265478    0.265395    1.000000    1.000000    1.000000    0.815017    0.812769    0.797043
338    338    1527328222733531919    0.266209    0.265465    0.264919    1.000000    1.000000    1.000000    0.815129    0.812727    0.852645
339    339    1527328226486866715    0.266210    0.265499    0.266430    1.000000    1.000000    1.000000    0.815085    0.812838    0.800193
340    340    1527328230233374445    0.266212    0.265538    0.266915    1.000000    1.000000    1.000000    0.815046    0.812956    0.801912
341    341    1527328233982887793    0.266213    0.265544    0.266701    1.000000    1.000000    1.000000    0.815005    0.812986    0.800787
342    342    1527328237747632268    0.266211    0.265549    0.265622    1.000000    1.000000    1.000000    0.814953    0.811857    0.797503
343    343    1527328241499285235    0.266212    0.265576    0.266549    1.000000    1.000000    1.000000    0.815078    0.813021    0.857822
344    344    1527328245250266329    0.266213    0.265585    0.266597    1.000000    1.000000    1.000000    0.815037    0.813038    0.801047
345    345    1527328249000612216    0.266215    0.265596    0.266642    1.000000    1.000000    1.000000    0.814996    0.813059    0.800711
346    346    1527328252772459424    0.266211    0.265568    0.265122    1.000000    1.000000    1.000000    0.814944    0.811847    0.797163
347    347    1527328256558728095    0.266205    0.265541    0.264112    1.000000    1.000000    1.000000    0.815046    0.812901    0.850026
348    348    1527328260331158301    0.266202    0.265562    0.265081    1.000000    1.000000    1.000000    0.814996    0.812986    0.797793
349    349    1527328264103838090    0.266199    0.265556    0.265064    1.000000    1.000000    1.000000    0.814946    0.813006    0.797609
350    350    1527328267874214677    0.266196    0.265572    0.265225    1.000000    1.000000    1.000000    0.815057    0.813061    0.853568
351    351    1527328271615237504    0.266199    0.265598    0.267307    1.000000    1.000000    1.000000    0.815024    0.813146    0.803502
352    352    1527328275369273173    0.266200    0.265600    0.266380    1.000000    1.000000    1.000000    0.814984    0.813162    0.800809
353    353    1527328279136811850    0.266198    0.265595    0.265425    1.000000    1.000000    1.000000    0.814934    0.811988    0.797432
354    354    1527328282883009748    0.266200    0.265652    0.266937    1.000000    1.000000    1.000000    0.814896    0.812138    0.801332
355    355    1527328286649201428    0.266198    0.265659    0.265520    1.000000    1.000000    1.000000    0.815005    0.813277    0.853651
356    356    1527328290398391985    0.266199    0.265672    0.266724    1.000000    1.000000    1.000000    0.814967    0.813312    0.801313
357    357    1527328294157487308    0.266199    0.265665    0.266021    1.000000    1.000000    1.000000    0.814960    0.812453    0.812528
358    358    1527328297912050393    0.266199    0.265698    0.266343    1.000000    1.000000    1.000000    0.814920    0.812587    0.800637
359    359    1527328301664427691    0.266200    0.265741    0.266498    1.000000    1.000000    1.000000    0.814881    0.812727    0.800964
360    360    1527328305433481573    0.266197    0.265766    0.265319    1.000000    1.000000    1.000000    0.814994    0.812835    0.855519
361    361    1527328309238427321    0.266188    0.265778    0.262816    1.000000    1.000000    1.000000    0.814927    0.812582    0.790979
362    362    1527328313001521385    0.266187    0.265797    0.265739    1.000000    1.000000    1.000000    0.814881    0.812609    0.798263
363    363    1527328316752583062    0.266188    0.265792    0.266591    1.000000    1.000000    1.000000    0.814998    0.813725    0.857604
364    364    1527328320512004301    0.266187    0.265795    0.265998    1.000000    1.000000    1.000000    0.814958    0.812596    0.800256
365    365    1527328324281014390    0.266185    0.265790    0.265322    1.000000    1.000000    1.000000    0.814912    0.812591    0.798064
366    366    1527328328055945007    0.266182    0.265747    0.264906    1.000000    1.000000    1.000000    0.814860    0.812463    0.795907
367    367    1527328331822538520    0.266180    0.265741    0.265492    1.000000    1.000000    1.000000    0.814971    0.813597    0.855755
368    368    1527328335586392497    0.266178    0.265737    0.265685    1.000000    1.000000    1.000000    0.814926    0.812454    0.798319
369    369    1527328339339174795    0.266179    0.265748    0.266469    1.000000    1.000000    1.000000    0.814887    0.812491    0.800450
370    370    1527328343101279152    0.266178    0.265736    0.265809    1.000000    1.000000    1.000000    0.814844    0.812474    0.798892
371    371    1527328346867310375    0.266176    0.265726    0.265532    1.000000    1.000000    1.000000    0.814949    0.813575    0.854086
372    372    1527328350625968324    0.266176    0.265729    0.266052    1.000000    1.000000    1.000000    0.814907    0.813584    0.799187
373    373    1527328354387423058    0.266175    0.265759    0.265855    1.000000    1.000000    1.000000    0.814862    0.812539    0.798187
374    374    1527328358159027100    0.266172    0.265745    0.265139    1.000000    1.000000    1.000000    0.814812    0.812463    0.795946
375    375    1527328361917197092    0.266172    0.265723    0.266087    1.000000    1.000000    1.000000    0.814921    0.813518    0.855724
376    376    1527328365689365715    0.266169    0.265702    0.265099    1.000000    1.000000    1.000000    0.814869    0.813444    0.795601
377    377    1527328369446873668    0.266169    0.265712    0.266134    1.000000    1.000000    1.000000    0.814826    0.812319    0.798681
378    378    1527328373202620708    0.266169    0.265729    0.266259    1.000000    1.000000    1.000000    0.814787    0.812374    0.799963
379    379    1527328376970384801    0.266167    0.265738    0.265409    1.000000    1.000000    1.000000    0.814889    0.813529    0.853565
380    380    1527328380722761891    0.266168    0.265770    0.266498    1.000000    1.000000    1.000000    0.814850    0.812438    0.800021
381    381    1527328384501768539    0.266164    0.265732    0.264620    1.000000    1.000000    1.000000    0.814798    0.812322    0.794886
382    382    1527328388255753958    0.266165    0.265740    0.266384    1.000000    1.000000    1.000000    0.814758    0.812344    0.799438
383    383    1527328392019859436    0.266163    0.265731    0.265667    1.000000    1.000000    1.000000    0.814715    0.812327    0.798218
384    384    1527328395805793983    0.266158    0.265714    0.264136    1.000000    1.000000    1.000000    0.814807    0.813418    0.850024
385    385    1527328399567092092    0.266157    0.265759    0.265866    1.000000    1.000000    1.000000    0.814770    0.812426    0.800672
386    386    1527328403355554133    0.266152    0.265725    0.263959    1.000000    1.000000    1.000000    0.814714    0.812313    0.793026
387    387    1527328407181298787    0.266139    0.265643    0.261387    1.000000    1.000000    1.000000    0.814782    0.813198    0.840826
388    388    1527328410952347455    0.266137    0.265648    0.265178    1.000000    1.000000    1.000000    0.814734    0.812067    0.796218
389    389    1527328414702777342    0.266138    0.265652    0.266636    1.000000    1.000000    1.000000    0.814697    0.812068    0.800243
390    390    1527328418466121363    0.266137    0.265629    0.265721    1.000000    1.000000    1.000000    0.814800    0.813122    0.854694
391    391    1527328422232898167    0.266135    0.265604    0.265479    1.000000    1.000000    1.000000    0.814756    0.813058    0.797650
392    392    1527328426001138342    0.266133    0.265599    0.265376    1.000000    1.000000    1.000000    0.814712    0.813056    0.797390
393    393    1527328429770378014    0.266131    0.265574    0.265305    1.000000    1.000000    1.000000    0.814666    0.811840    0.796870
394    394    1527328433528818964    0.266131    0.265564    0.266068    1.000000    1.000000    1.000000    0.814770    0.812929    0.855655
395    395    1527328437293518773    0.266130    0.265544    0.265625    1.000000    1.000000    1.000000    0.814728    0.812874    0.798011
396    396    1527328441054691175    0.266129    0.265559    0.265875    1.000000    1.000000    1.000000    0.814685    0.812892    0.798000
397    397    1527328444819331276    0.266128    0.265589    0.265630    1.000000    1.000000    1.000000    0.814643    0.811846    0.797945
398    398    1527328448606543028    0.266123    0.265568    0.264046    1.000000    1.000000    1.000000    0.814731    0.812882    0.849352
399    399    1527328452350195807    0.266125    0.265609    0.267119    1.000000    1.000000    1.000000    0.814699    0.812973    0.802035
400    400    1527328456154968389    0.266117    0.265561    0.262828    1.000000    1.000000    1.000000    0.814637    0.811696    0.790013
401    401    1527328459907640021    0.266118    0.265544    0.266477    1.000000    1.000000    1.000000    0.814604    0.811651    0.801262
402    402    1527328463676679777    0.266116    0.265523    0.265320    1.000000    1.000000    1.000000    0.814700    0.812704    0.853475
403    403    1527328467456909005    0.266112    0.265505    0.264534    1.000000    1.000000    1.000000    0.814657    0.812700    0.797272
404    404    1527328471219620278    0.266111    0.265482    0.265766    1.000000    1.000000    1.000000    0.814618    0.812651    0.798976
405    405    1527328474976484023    0.266111    0.265495    0.266179    1.000000    1.000000    1.000000    0.814581    0.811567    0.799391
406    406    1527328478739470170    0.266110    0.265476    0.265746    1.000000    1.000000    1.000000    0.814681    0.812643    0.855202
407    407    1527328482489945765    0.266111    0.265488    0.266633    1.000000    1.000000    1.000000    0.814649    0.812426    0.801618
408    408    1527328486252106497    0.266111    0.265477    0.265805    1.000000    1.000000    1.000000    0.814610    0.812392    0.798979
409    409    1527328490018462552    0.266109    0.265458    0.265509    1.000000    1.000000    1.000000    0.814571    0.812345    0.798632
410    410    1527328493794908248    0.266106    0.265447    0.264799    1.000000    1.000000    1.000000    0.814663    0.812279    0.852141
411    411    1527328497562497300    0.266104    0.265500    0.265422    1.000000    1.000000    1.000000    0.814620    0.812402    0.796927
412    412    1527328501346300810    0.266100    0.265471    0.264284    1.000000    1.000000    1.000000    0.814571    0.812322    0.794344
413    413    1527328505112684282    0.266098    0.265449    0.265507    1.000000    1.000000    1.000000    0.814669    0.812281    0.855407
414    414    1527328508882420995    0.266096    0.265434    0.265271    1.000000    1.000000    1.000000    0.814632    0.812260    0.799219
415    415    1527328512640168530    0.266096    0.265450    0.266117    1.000000    1.000000    1.000000    0.814596    0.812289    0.799476
416    416    1527328516406129919    0.266095    0.265463    0.265536    1.000000    1.000000    1.000000    0.814555    0.812325    0.797657
417    417    1527328520170901978    0.266094    0.265466    0.265620    1.000000    1.000000    1.000000    0.814652    0.812306    0.854824
418    418    1527328523925419730    0.266095    0.265479    0.266346    1.000000    1.000000    1.000000    0.814617    0.812343    0.800180
419    419    1527328527684571511    0.266094    0.265470    0.266017    1.000000    1.000000    1.000000    0.814583    0.812339    0.800263
420    420    1527328531443904000    0.266094    0.265474    0.266005    1.000000    1.000000    1.000000    0.814547    0.812350    0.799401
421    421    1527328535201219328    0.266094    0.265486    0.266147    1.000000    1.000000    1.000000    0.814511    0.811259    0.799521
422    422    1527328538966400344    0.266093    0.265477    0.265591    1.000000    1.000000    1.000000    0.814610    0.812403    0.856405
423    423    1527328542720908179    0.266094    0.265487    0.266346    1.000000    1.000000    1.000000    0.814576    0.812443    0.800167
424    424    1527328546475764763    0.266094    0.265510    0.266322    1.000000    1.000000    1.000000    0.814542    0.812526    0.800075
425    425    1527328550234327129    0.266094    0.265510    0.266059    1.000000    1.000000    1.000000    0.814505    0.811389    0.798729
426    426    1527328554002663888    0.266092    0.265515    0.265369    1.000000    1.000000    1.000000    0.814600    0.812573    0.854743
427    427    1527328557745249378    0.266095    0.265536    0.267195    1.000000    1.000000    1.000000    0.814572    0.812650    0.802535
428    428    1527328561496310138    0.266096    0.265543    0.266591    1.000000    1.000000    1.000000    0.814540    0.812675    0.801187
429    429    1527328565242327952    0.266098    0.265573    0.266950    1.000000    1.000000    1.000000    0.814512    0.811649    0.802242
430    430    1527328569019242856    0.266095    0.265539    0.264766    1.000000    1.000000    1.000000    0.814467    0.811553    0.795315
431    431    1527328572778655303    0.266095    0.265566    0.265999    1.000000    1.000000    1.000000    0.814563    0.812771    0.855789
432    432    1527328576538841249    0.266095    0.265558    0.265944    1.000000    1.000000    1.000000    0.814527    0.812759    0.798863
433    433    1527328580346876906    0.266086    0.265496    0.262603    1.000000    1.000000    1.000000    0.814465    0.812550    0.788025
434    434    1527328584175744095    0.266075    0.265435    0.261174    1.000000    1.000000    1.000000    0.814525    0.812358    0.840174
435    435    1527328587960298395    0.266071    0.265402    0.264232    1.000000    1.000000    1.000000    0.814477    0.812216    0.793693
436    436    1527328591735257553    0.266068    0.265421    0.264904    1.000000    1.000000    1.000000    0.814433    0.812264    0.795314
437    437    1527328595518913648    0.266064    0.265481    0.264295    1.000000    1.000000    1.000000    0.814516    0.812453    0.850588
438    438    1527328599340494188    0.266054    0.265409    0.261672    1.000000    1.000000    1.000000    0.814450    0.812242    0.785989
439    439    1527328603148963345    0.266046    0.265328    0.262573    1.000000    1.000000    1.000000    0.814521    0.813146    0.845200
440    440    1527328606946610154    0.266039    0.265279    0.263321    1.000000    1.000000    1.000000    0.814472    0.811918    0.793366
441    441    1527328610716739032    0.266038    0.265275    0.265243    1.000000    1.000000    1.000000    0.814434    0.811921    0.797779
442    442    1527328614530187510    0.266029    0.265211    0.262230    1.000000    1.000000    1.000000    0.814502    0.812862    0.844085
443    443    1527328618310042031    0.266026    0.265196    0.264560    1.000000    1.000000    1.000000    0.814459    0.812834    0.795546
444    444    1527328622064251116    0.266026    0.265202    0.266368    1.000000    1.000000    1.000000    0.814429    0.811746    0.801063
445    445    1527328625827315971    0.266026    0.265204    0.265741    1.000000    1.000000    1.000000    0.814521    0.812888    0.855227
446    446    1527328629597373058    0.266024    0.265192    0.265248    1.000000    1.000000    1.000000    0.814481    0.812866    0.796901
447    447    1527328633349275191    0.266025    0.265210    0.266531    1.000000    1.000000    1.000000    0.814452    0.812935    0.801371
448    448    1527328637116281078    0.266024    0.265238    0.265463    1.000000    1.000000    1.000000    0.814415    0.811906    0.798084
449    449    1527328640864886386    0.266025    0.265231    0.266766    1.000000    1.000000    1.000000    0.814386    0.811887    0.801084
450    450    1527328644652624387    0.266021    0.265255    0.264010    1.000000    1.000000    1.000000    0.814465    0.813091    0.849800
451    451    1527328648420082356    0.266020    0.265234    0.265431    1.000000    1.000000    1.000000    0.814428    0.813017    0.797644
452    452    1527328652176611519    0.266020    0.265252    0.266203    1.000000    1.000000    1.000000    0.814397    0.811960    0.800573
453    453    1527328655928907776    0.266021    0.265291    0.266503    1.000000    1.000000    1.000000    0.814368    0.812035    0.800925
454    454    1527328659716631902    0.266017    0.265256    0.264011    1.000000    1.000000    1.000000    0.814444    0.813035    0.848805
455    455    1527328663482185667    0.266016    0.265244    0.265565    1.000000    1.000000    1.000000    0.814407    0.813004    0.797862
456    456    1527328667242659070    0.266015    0.265247    0.265924    1.000000    1.000000    1.000000    0.814373    0.811880    0.798912
457    457    1527328671033908395    0.266011    0.265190    0.263765    1.000000    1.000000    1.000000    0.814450    0.812837    0.849317
458    458    1527328674834021906    0.266004    0.265137    0.263150    1.000000    1.000000    1.000000    0.814402    0.812706    0.792616
459    459    1527328678596970636    0.266004    0.265142    0.265749    1.000000    1.000000    1.000000    0.814370    0.812725    0.799561
460    460    1527328682352956176    0.266004    0.265170    0.266242    1.000000    1.000000    1.000000    0.814461    0.812808    0.856550
461    461    1527328686109741255    0.266005    0.265186    0.266185    1.000000    1.000000    1.000000    0.814429    0.812856    0.799257
462    462    1527328689899227543    0.266000    0.265178    0.263888    1.000000    1.000000    1.000000    0.814380    0.812810    0.792114
463    463    1527328693679162064    0.265997    0.265158    0.264555    1.000000    1.000000    1.000000    0.814339    0.811610    0.795381
464    464    1527328697462085493    0.265993    0.265140    0.264346    1.000000    1.000000    1.000000    0.814420    0.812668    0.852012
465    465    1527328701251013408    0.265989    0.265096    0.263927    1.000000    1.000000    1.000000    0.814373    0.812525    0.792429
466    466    1527328705031186969    0.265986    0.265076    0.264538    1.000000    1.000000    1.000000    0.814330    0.812464    0.794675
467    467    1527328708818254638    0.265982    0.265045    0.264057    1.000000    1.000000    1.000000    0.814406    0.812364    0.849610
468    468    1527328712581441785    0.265981    0.265033    0.265732    1.000000    1.000000    1.000000    0.814374    0.812342    0.799109
469    469    1527328716343304601    0.265981    0.265029    0.265826    1.000000    1.000000    1.000000    0.814342    0.812327    0.799517
470    470    1527328720127411319    0.265977    0.264994    0.264263    1.000000    1.000000    1.000000    0.814419    0.813347    0.850349
471    471    1527328723893254917    0.265976    0.264982    0.265545    1.000000    1.000000    1.000000    0.814384    0.813317    0.798023
472    472    1527328727660223887    0.265975    0.264980    0.265465    1.000000    1.000000    1.000000    0.814348    0.812142    0.797554
473    473    1527328731427616314    0.265974    0.264961    0.265436    1.000000    1.000000    1.000000    0.814312    0.812084    0.797301
474    474    1527328735186996470    0.265974    0.264955    0.266001    1.000000    1.000000    1.000000    0.814399    0.813191    0.855633
475    475    1527328738948828661    0.265974    0.264951    0.265828    1.000000    1.000000    1.000000    0.814367    0.813195    0.798963
476    476    1527328742729591097    0.265970    0.264933    0.264497    1.000000    1.000000    1.000000    0.814327    0.812007    0.795297
477    477    1527328746518360261    0.265966    0.264868    0.263938    1.000000    1.000000    1.000000    0.814290    0.811891    0.796883
478    478    1527328750310061836    0.265962    0.264811    0.263734    1.000000    1.000000    1.000000    0.814362    0.812841    0.848598
479    479    1527328754077468179    0.265960    0.264781    0.265435    1.000000    1.000000    1.000000    0.814326    0.812731    0.796770
480    480    1527328757844421524    0.265959    0.264795    0.265467    1.000000    1.000000    1.000000    0.814290    0.812769    0.797179
481    481    1527328761597181864    0.265960    0.264805    0.266471    1.000000    1.000000    1.000000    0.814261    0.811662    0.800177
482    482    1527328765384972156    0.265956    0.264766    0.264006    1.000000    1.000000    1.000000    0.814333    0.812668    0.849109
483    483    1527328769163739596    0.265954    0.264807    0.264637    1.000000    1.000000    1.000000    0.814295    0.812828    0.795818
484    484    1527328772909258912    0.265956    0.264924    0.266986    1.000000    1.000000    1.000000    0.814268    0.812043    0.801269
485    485    1527328776665372743    0.265956    0.264964    0.266233    1.000000    1.000000    1.000000    0.814355    0.813302    0.856778
486    486    1527328780455165155    0.265952    0.264943    0.263867    1.000000    1.000000    1.000000    0.814311    0.813252    0.792909
487    487    1527328784233243305    0.265949    0.264951    0.264685    1.000000    1.000000    1.000000    0.814272    0.812141    0.795152
488    488    1527328788012892160    0.265947    0.265010    0.264575    1.000000    1.000000    1.000000    0.814231    0.812315    0.794369
489    489    1527328791774925267    0.265946    0.265075    0.265814    1.000000    1.000000    1.000000    0.814314    0.812503    0.855009
490    490    1527328795557768447    0.265943    0.265096    0.264351    1.000000    1.000000    1.000000    0.814272    0.812518    0.794039
491    491    1527328799331205651    0.265941    0.265091    0.265010    1.000000    1.000000    1.000000    0.814235    0.812484    0.796108
492    492    1527328803105383353    0.265939    0.265146    0.264958    1.000000    1.000000    1.000000    0.814313    0.812643    0.852362
493    493    1527328806866809712    0.265939    0.265172    0.265857    1.000000    1.000000    1.000000    0.814283    0.812719    0.799296
494    494    1527328810678289319    0.265932    0.265092    0.262365    1.000000    1.000000    1.000000    0.814230    0.812468    0.788788
495    495    1527328814446989118    0.265930    0.265084    0.265344    1.000000    1.000000    1.000000    0.814313    0.812468    0.855157
496    496    1527328818201389453    0.265931    0.265106    0.266354    1.000000    1.000000    1.000000    0.814284    0.812527    0.799799
497    497    1527328821972529246    0.265930    0.265079    0.265172    1.000000    1.000000    1.000000    0.814247    0.812417    0.795951
498    498    1527328825748622193    0.265928    0.265066    0.264824    1.000000    1.000000    1.000000    0.814209    0.812365    0.795499
499    499    1527328829514271583    0.265927    0.265042    0.265558    1.000000    1.000000    1.000000    0.814290    0.813433    0.854646
